build/app/intermediates/manifest_merge_blame_file/debug/manifest-merger-blame-debug-report.txt
1<?xml version="1.0" encoding="utf-8"?>
2<manifest xmlns:android="http://schemas.android.com/apk/res/android"
3    package="com.mycompany.filmapp"
4    android:versionCode="1"
5    android:versionName="1.0.0" >
6
7    <uses-sdk
8        android:minSdkVersion="21"
9        android:targetSdkVersion="34" />
10    <!--
11         Flutter needs it to communicate with the running application
12         to allow setting breakpoints, to provide hot reload, etc.
13    -->
14    <uses-permission android:name="android.permission.INTERNET" />
14-->src\main\AndroidManifest.xml:4:5-66
14-->src\main\AndroidManifest.xml:4:22-64
15    <uses-permission android:name="android.permission.READ_EXTERNAL_STORAGE" />
15-->src\main\AndroidManifest.xml:6:1-75
15-->src\main\AndroidManifest.xml:6:18-73
16    <uses-permission android:name="android.permission.WRITE_EXTERNAL_STORAGE" />
16-->src\main\AndroidManifest.xml:7:1-76
16-->src\main\AndroidManifest.xml:7:18-74
17    <uses-permission android:name="android.permission.CAMERA" />
17-->src\main\AndroidManifest.xml:8:1-60
17-->src\main\AndroidManifest.xml:8:18-58
18    <uses-permission android:name="android.permission.ACCESS_NETWORK_STATE" />
18-->[com.google.firebase:firebase-auth:22.3.1] AndroidManifest.xml:26:5-79
18-->[com.google.firebase:firebase-auth:22.3.1] AndroidManifest.xml:26:22-76
19    <uses-permission android:name="com.google.android.providers.gsf.permission.READ_GSERVICES" />
19-->[com.google.android.recaptcha:recaptcha:18.4.0] AndroidManifest.xml:9:5-98
19-->[com.google.android.recaptcha:recaptcha:18.4.0] AndroidManifest.xml:9:22-95
20
21    <permission
21-->[androidx.core:core:1.10.1] AndroidManifest.xml:22:5-24:47
22        android:name="com.mycompany.filmapp.DYNAMIC_RECEIVER_NOT_EXPORTED_PERMISSION"
22-->[androidx.core:core:1.10.1] AndroidManifest.xml:23:9-81
23        android:protectionLevel="signature" />
23-->[androidx.core:core:1.10.1] AndroidManifest.xml:24:9-44
24
25    <uses-permission android:name="com.mycompany.filmapp.DYNAMIC_RECEIVER_NOT_EXPORTED_PERMISSION" />
25-->[androidx.core:core:1.10.1] AndroidManifest.xml:26:5-97
25-->[androidx.core:core:1.10.1] AndroidManifest.xml:26:22-94
26
27    <application
27-->src\main\AndroidManifest.xml:11:5-65:19
28        android:appComponentFactory="androidx.core.app.CoreComponentFactory"
28-->[androidx.core:core:1.10.1] AndroidManifest.xml:28:18-86
29        android:debuggable="true"
30        android:icon="@mipmap/ic_launcher"
30-->src\main\AndroidManifest.xml:14:9-43
31        android:label="testTest"
31-->src\main\AndroidManifest.xml:12:9-33
32        android:requestLegacyExternalStorage="true" >
32-->src\main\AndroidManifest.xml:15:9-52
33        <activity
33-->src\main\AndroidManifest.xml:17:9-55:20
34            android:name="com.mycompany.filmapp.MainActivity"
34-->src\main\AndroidManifest.xml:18:13-41
35            android:configChanges="orientation|keyboardHidden|keyboard|screenSize|smallestScreenSize|locale|layoutDirection|fontScale|screenLayout|density|uiMode"
35-->src\main\AndroidManifest.xml:22:13-163
36            android:exported="true"
36-->src\main\AndroidManifest.xml:19:13-36
37            android:hardwareAccelerated="true"
37-->src\main\AndroidManifest.xml:23:13-47
38            android:launchMode="singleTop"
38-->src\main\AndroidManifest.xml:20:13-43
39            android:theme="@style/LaunchTheme"
39-->src\main\AndroidManifest.xml:21:13-47
40            android:windowSoftInputMode="adjustResize" >
40-->src\main\AndroidManifest.xml:24:13-55
41
42            <!--
43                 Specifies an Android theme to apply to this Activity as soon as
44                 the Android process has started. This theme is visible to the user
45                 while the Flutter UI initializes. After that, this theme continues
46                 to determine the Window background behind the Flutter UI.
47            -->
48            <meta-data
48-->src\main\AndroidManifest.xml:29:13-32:17
49                android:name="io.flutter.embedding.android.NormalTheme"
49-->src\main\AndroidManifest.xml:30:15-70
50                android:resource="@style/NormalTheme" />
50-->src\main\AndroidManifest.xml:31:15-52
51            <!--
52                 Displays an Android View that continues showing the launch screen
53                 Drawable until Flutter paints its first frame, then this splash
54                 screen fades out. A splash screen is useful to avoid any visual
55                 gap between the end of Android's launch screen and the painting of
56                 Flutter's first frame.
57            -->
58            <meta-data
58-->src\main\AndroidManifest.xml:38:13-41:17
59                android:name="io.flutter.embedding.android.SplashScreenDrawable"
59-->src\main\AndroidManifest.xml:39:15-79
60                android:resource="@drawable/launch_background" />
60-->src\main\AndroidManifest.xml:40:15-61
61
62            <intent-filter>
62-->src\main\AndroidManifest.xml:42:13-45:29
63                <action android:name="android.intent.action.MAIN" />
63-->src\main\AndroidManifest.xml:43:17-68
63-->src\main\AndroidManifest.xml:43:25-66
64
65                <category android:name="android.intent.category.LAUNCHER" />
65-->src\main\AndroidManifest.xml:44:17-76
65-->src\main\AndroidManifest.xml:44:27-74
66            </intent-filter>
67            <!-- Deep linking -->
68            <meta-data
68-->src\main\AndroidManifest.xml:47:13-90
69                android:name="flutter_deeplinking_enabled"
69-->src\main\AndroidManifest.xml:47:24-66
70                android:value="true" />
70-->src\main\AndroidManifest.xml:47:67-87
71
72            <intent-filter android:autoVerify="true" >
72-->src\main\AndroidManifest.xml:48:13-53:29
72-->src\main\AndroidManifest.xml:48:28-53
73                <action android:name="android.intent.action.VIEW" />
73-->src\main\AndroidManifest.xml:49:17-69
73-->src\main\AndroidManifest.xml:49:25-66
74
75                <category android:name="android.intent.category.DEFAULT" />
75-->src\main\AndroidManifest.xml:50:17-76
75-->src\main\AndroidManifest.xml:50:27-73
76                <category android:name="android.intent.category.BROWSABLE" />
76-->src\main\AndroidManifest.xml:51:17-78
76-->src\main\AndroidManifest.xml:51:27-75
77
78                <data
78-->src\main\AndroidManifest.xml:52:17-79
79                    android:host="testtest.com"
79-->src\main\AndroidManifest.xml:52:49-76
80                    android:scheme="testtest" />
80-->src\main\AndroidManifest.xml:52:23-48
81            </intent-filter>
82        </activity>
83
84        <!--
85             Don't delete the meta-data below.
86             This is used by the Flutter tool to generate GeneratedPluginRegistrant.java
87        -->
88        <meta-data
88-->src\main\AndroidManifest.xml:59:9-61:33
89            android:name="flutterEmbedding"
89-->src\main\AndroidManifest.xml:60:13-44
90            android:value="2" />
90-->src\main\AndroidManifest.xml:61:13-30
91
92        <service
92-->[:cloud_firestore] AndroidManifest.xml:10:9-14:19
93            android:name="com.google.firebase.components.ComponentDiscoveryService"
93-->[:cloud_firestore] AndroidManifest.xml:10:18-89
94            android:directBootAware="true"
94-->[com.google.firebase:firebase-common:20.4.3] AndroidManifest.xml:32:13-43
95            android:exported="false" >
95-->[com.google.firebase:firebase-perf:20.5.2] AndroidManifest.xml:13:13-37
96            <meta-data
96-->[:cloud_firestore] AndroidManifest.xml:11:13-13:85
97                android:name="com.google.firebase.components:io.flutter.plugins.firebase.firestore.FlutterFirebaseFirestoreRegistrar"
97-->[:cloud_firestore] AndroidManifest.xml:12:17-134
98                android:value="com.google.firebase.components.ComponentRegistrar" />
98-->[:cloud_firestore] AndroidManifest.xml:13:17-82
99            <meta-data
99-->[:firebase_auth] AndroidManifest.xml:11:13-13:85
100                android:name="com.google.firebase.components:io.flutter.plugins.firebase.auth.FlutterFirebaseAuthRegistrar"
100-->[:firebase_auth] AndroidManifest.xml:12:17-124
101                android:value="com.google.firebase.components.ComponentRegistrar" />
101-->[:firebase_auth] AndroidManifest.xml:13:17-82
102            <meta-data
102-->[:firebase_performance] AndroidManifest.xml:13:13-15:85
103                android:name="com.google.firebase.components:io.flutter.plugins.firebase.performance.FlutterFirebaseAppRegistrar"
103-->[:firebase_performance] AndroidManifest.xml:14:17-130
104                android:value="com.google.firebase.components.ComponentRegistrar" />
104-->[:firebase_performance] AndroidManifest.xml:15:17-82
105            <meta-data
105-->[:firebase_core] AndroidManifest.xml:11:13-13:85
106                android:name="com.google.firebase.components:io.flutter.plugins.firebase.core.FlutterFirebaseCoreRegistrar"
106-->[:firebase_core] AndroidManifest.xml:12:17-124
107                android:value="com.google.firebase.components.ComponentRegistrar" />
107-->[:firebase_core] AndroidManifest.xml:13:17-82
108            <meta-data
108-->[com.google.firebase:firebase-perf:20.5.2] AndroidManifest.xml:14:13-16:85
109                android:name="com.google.firebase.components:com.google.firebase.perf.FirebasePerfKtxRegistrar"
109-->[com.google.firebase:firebase-perf:20.5.2] AndroidManifest.xml:15:17-112
110                android:value="com.google.firebase.components.ComponentRegistrar" />
110-->[com.google.firebase:firebase-perf:20.5.2] AndroidManifest.xml:16:17-82
111            <meta-data
111-->[com.google.firebase:firebase-perf:20.5.2] AndroidManifest.xml:17:13-19:85
112                android:name="com.google.firebase.components:com.google.firebase.perf.FirebasePerfRegistrar"
112-->[com.google.firebase:firebase-perf:20.5.2] AndroidManifest.xml:18:17-109
113                android:value="com.google.firebase.components.ComponentRegistrar" />
113-->[com.google.firebase:firebase-perf:20.5.2] AndroidManifest.xml:19:17-82
114            <meta-data
114-->[com.google.firebase:firebase-sessions:1.2.2] AndroidManifest.xml:29:13-31:85
115                android:name="com.google.firebase.components:com.google.firebase.sessions.FirebaseSessionsRegistrar"
115-->[com.google.firebase:firebase-sessions:1.2.2] AndroidManifest.xml:30:17-117
116                android:value="com.google.firebase.components.ComponentRegistrar" />
116-->[com.google.firebase:firebase-sessions:1.2.2] AndroidManifest.xml:31:17-82
117            <meta-data
117-->[com.google.firebase:firebase-auth:22.3.1] AndroidManifest.xml:69:13-71:85
118                android:name="com.google.firebase.components:com.google.firebase.auth.FirebaseAuthRegistrar"
118-->[com.google.firebase:firebase-auth:22.3.1] AndroidManifest.xml:70:17-109
119                android:value="com.google.firebase.components.ComponentRegistrar" />
119-->[com.google.firebase:firebase-auth:22.3.1] AndroidManifest.xml:71:17-82
120            <meta-data
120-->[com.google.firebase:firebase-firestore:24.11.0] AndroidManifest.xml:17:13-19:85
121                android:name="com.google.firebase.components:com.google.firebase.firestore.FirebaseFirestoreKtxRegistrar"
121-->[com.google.firebase:firebase-firestore:24.11.0] AndroidManifest.xml:18:17-122
122                android:value="com.google.firebase.components.ComponentRegistrar" />
122-->[com.google.firebase:firebase-firestore:24.11.0] AndroidManifest.xml:19:17-82
123            <meta-data
123-->[com.google.firebase:firebase-firestore:24.11.0] AndroidManifest.xml:20:13-22:85
124                android:name="com.google.firebase.components:com.google.firebase.firestore.FirestoreRegistrar"
124-->[com.google.firebase:firebase-firestore:24.11.0] AndroidManifest.xml:21:17-111
125                android:value="com.google.firebase.components.ComponentRegistrar" />
125-->[com.google.firebase:firebase-firestore:24.11.0] AndroidManifest.xml:22:17-82
126            <meta-data
126-->[com.google.firebase:firebase-config:21.6.3] AndroidManifest.xml:29:13-31:85
127                android:name="com.google.firebase.components:com.google.firebase.remoteconfig.FirebaseRemoteConfigKtxRegistrar"
127-->[com.google.firebase:firebase-config:21.6.3] AndroidManifest.xml:30:17-128
128                android:value="com.google.firebase.components.ComponentRegistrar" />
128-->[com.google.firebase:firebase-config:21.6.3] AndroidManifest.xml:31:17-82
129            <meta-data
129-->[com.google.firebase:firebase-config:21.6.3] AndroidManifest.xml:32:13-34:85
130                android:name="com.google.firebase.components:com.google.firebase.remoteconfig.RemoteConfigRegistrar"
130-->[com.google.firebase:firebase-config:21.6.3] AndroidManifest.xml:33:17-117
131                android:value="com.google.firebase.components.ComponentRegistrar" />
131-->[com.google.firebase:firebase-config:21.6.3] AndroidManifest.xml:34:17-82
132            <meta-data
132-->[com.google.firebase:firebase-installations:17.2.0] AndroidManifest.xml:15:13-17:85
133                android:name="com.google.firebase.components:com.google.firebase.installations.FirebaseInstallationsKtxRegistrar"
133-->[com.google.firebase:firebase-installations:17.2.0] AndroidManifest.xml:16:17-130
134                android:value="com.google.firebase.components.ComponentRegistrar" />
134-->[com.google.firebase:firebase-installations:17.2.0] AndroidManifest.xml:17:17-82
135            <meta-data
135-->[com.google.firebase:firebase-installations:17.2.0] AndroidManifest.xml:18:13-20:85
136                android:name="com.google.firebase.components:com.google.firebase.installations.FirebaseInstallationsRegistrar"
136-->[com.google.firebase:firebase-installations:17.2.0] AndroidManifest.xml:19:17-127
137                android:value="com.google.firebase.components.ComponentRegistrar" />
137-->[com.google.firebase:firebase-installations:17.2.0] AndroidManifest.xml:20:17-82
138            <meta-data
138-->[com.google.firebase:firebase-common-ktx:20.4.3] AndroidManifest.xml:12:13-14:85
139                android:name="com.google.firebase.components:com.google.firebase.ktx.FirebaseCommonLegacyRegistrar"
139-->[com.google.firebase:firebase-common-ktx:20.4.3] AndroidManifest.xml:13:17-116
140                android:value="com.google.firebase.components.ComponentRegistrar" />
140-->[com.google.firebase:firebase-common-ktx:20.4.3] AndroidManifest.xml:14:17-82
141            <meta-data
141-->[com.google.firebase:firebase-common:20.4.3] AndroidManifest.xml:35:13-37:85
142                android:name="com.google.firebase.components:com.google.firebase.FirebaseCommonKtxRegistrar"
142-->[com.google.firebase:firebase-common:20.4.3] AndroidManifest.xml:36:17-109
143                android:value="com.google.firebase.components.ComponentRegistrar" />
143-->[com.google.firebase:firebase-common:20.4.3] AndroidManifest.xml:37:17-82
144            <meta-data
144-->[com.google.firebase:firebase-abt:21.1.1] AndroidManifest.xml:12:13-14:85
145                android:name="com.google.firebase.components:com.google.firebase.abt.component.AbtRegistrar"
145-->[com.google.firebase:firebase-abt:21.1.1] AndroidManifest.xml:13:17-109
146                android:value="com.google.firebase.components.ComponentRegistrar" />
146-->[com.google.firebase:firebase-abt:21.1.1] AndroidManifest.xml:14:17-82
147            <meta-data
147-->[com.google.firebase:firebase-datatransport:18.1.8] AndroidManifest.xml:27:13-29:85
148                android:name="com.google.firebase.components:com.google.firebase.datatransport.TransportRegistrar"
148-->[com.google.firebase:firebase-datatransport:18.1.8] AndroidManifest.xml:28:17-115
149                android:value="com.google.firebase.components.ComponentRegistrar" />
149-->[com.google.firebase:firebase-datatransport:18.1.8] AndroidManifest.xml:29:17-82
150        </service>
151
152        <provider
152-->[:image_picker_android] AndroidManifest.xml:11:9-19:20
153            android:name="io.flutter.plugins.imagepicker.ImagePickerFileProvider"
153-->[:image_picker_android] AndroidManifest.xml:12:13-82
154            android:authorities="com.mycompany.filmapp.flutter.image_provider"
154-->[:image_picker_android] AndroidManifest.xml:13:13-74
155            android:exported="false"
155-->[:image_picker_android] AndroidManifest.xml:14:13-37
156            android:grantUriPermissions="true" >
156-->[:image_picker_android] AndroidManifest.xml:15:13-47
157            <meta-data
157-->[:image_picker_android] AndroidManifest.xml:16:13-18:75
158                android:name="android.support.FILE_PROVIDER_PATHS"
158-->[:image_picker_android] AndroidManifest.xml:17:17-67
159                android:resource="@xml/flutter_image_picker_file_paths" />
159-->[:image_picker_android] AndroidManifest.xml:18:17-72
160        </provider> <!-- Trigger Google Play services to install the backported photo picker module. -->
161        <service
161-->[:image_picker_android] AndroidManifest.xml:21:9-33:19
162            android:name="com.google.android.gms.metadata.ModuleDependencies"
162-->[:image_picker_android] AndroidManifest.xml:22:13-78
163            android:enabled="false"
163-->[:image_picker_android] AndroidManifest.xml:23:13-36
164            android:exported="false" >
164-->[:image_picker_android] AndroidManifest.xml:24:13-37
165            <intent-filter>
165-->[:image_picker_android] AndroidManifest.xml:26:13-28:29
166                <action android:name="com.google.android.gms.metadata.MODULE_DEPENDENCIES" />
166-->[:image_picker_android] AndroidManifest.xml:27:17-94
166-->[:image_picker_android] AndroidManifest.xml:27:25-91
167            </intent-filter>
168
169            <meta-data
169-->[:image_picker_android] AndroidManifest.xml:30:13-32:36
170                android:name="photopicker_activity:0:required"
170-->[:image_picker_android] AndroidManifest.xml:31:17-63
171                android:value="" />
171-->[:image_picker_android] AndroidManifest.xml:32:17-33
172        </service>
173
174        <activity
174-->[:url_launcher_android] AndroidManifest.xml:10:9-13:74
175            android:name="io.flutter.plugins.urllauncher.WebViewActivity"
175-->[:url_launcher_android] AndroidManifest.xml:11:13-74
176            android:exported="false"
176-->[:url_launcher_android] AndroidManifest.xml:12:13-37
177            android:theme="@android:style/Theme.NoTitleBar.Fullscreen" />
177-->[:url_launcher_android] AndroidManifest.xml:13:13-71
178
179        <service
179-->[com.google.firebase:firebase-sessions:1.2.2] AndroidManifest.xml:22:9-25:40
180            android:name="com.google.firebase.sessions.SessionLifecycleService"
180-->[com.google.firebase:firebase-sessions:1.2.2] AndroidManifest.xml:23:13-80
181            android:enabled="true"
181-->[com.google.firebase:firebase-sessions:1.2.2] AndroidManifest.xml:24:13-35
182            android:exported="false" />
182-->[com.google.firebase:firebase-sessions:1.2.2] AndroidManifest.xml:25:13-37
183
184        <activity
184-->[com.google.firebase:firebase-auth:22.3.1] AndroidManifest.xml:29:9-46:20
185            android:name="com.google.firebase.auth.internal.GenericIdpActivity"
185-->[com.google.firebase:firebase-auth:22.3.1] AndroidManifest.xml:30:13-80
186            android:excludeFromRecents="true"
186-->[com.google.firebase:firebase-auth:22.3.1] AndroidManifest.xml:31:13-46
187            android:exported="true"
187-->[com.google.firebase:firebase-auth:22.3.1] AndroidManifest.xml:32:13-36
188            android:launchMode="singleTask"
188-->[com.google.firebase:firebase-auth:22.3.1] AndroidManifest.xml:33:13-44
189            android:theme="@android:style/Theme.Translucent.NoTitleBar" >
189-->[com.google.firebase:firebase-auth:22.3.1] AndroidManifest.xml:34:13-72
190            <intent-filter>
190-->[com.google.firebase:firebase-auth:22.3.1] AndroidManifest.xml:35:13-45:29
191                <action android:name="android.intent.action.VIEW" />
191-->src\main\AndroidManifest.xml:49:17-69
191-->src\main\AndroidManifest.xml:49:25-66
192
193                <category android:name="android.intent.category.DEFAULT" />
193-->src\main\AndroidManifest.xml:50:17-76
193-->src\main\AndroidManifest.xml:50:27-73
194                <category android:name="android.intent.category.BROWSABLE" />
194-->src\main\AndroidManifest.xml:51:17-78
194-->src\main\AndroidManifest.xml:51:27-75
195
196                <data
196-->src\main\AndroidManifest.xml:52:17-79
197                    android:host="firebase.auth"
197-->src\main\AndroidManifest.xml:52:49-76
198                    android:path="/"
199                    android:scheme="genericidp" />
199-->src\main\AndroidManifest.xml:52:23-48
200            </intent-filter>
201        </activity>
202        <activity
202-->[com.google.firebase:firebase-auth:22.3.1] AndroidManifest.xml:47:9-64:20
203            android:name="com.google.firebase.auth.internal.RecaptchaActivity"
203-->[com.google.firebase:firebase-auth:22.3.1] AndroidManifest.xml:48:13-79
204            android:excludeFromRecents="true"
204-->[com.google.firebase:firebase-auth:22.3.1] AndroidManifest.xml:49:13-46
205            android:exported="true"
205-->[com.google.firebase:firebase-auth:22.3.1] AndroidManifest.xml:50:13-36
206            android:launchMode="singleTask"
206-->[com.google.firebase:firebase-auth:22.3.1] AndroidManifest.xml:51:13-44
207            android:theme="@android:style/Theme.Translucent.NoTitleBar" >
207-->[com.google.firebase:firebase-auth:22.3.1] AndroidManifest.xml:52:13-72
208            <intent-filter>
208-->[com.google.firebase:firebase-auth:22.3.1] AndroidManifest.xml:53:13-63:29
209                <action android:name="android.intent.action.VIEW" />
209-->src\main\AndroidManifest.xml:49:17-69
209-->src\main\AndroidManifest.xml:49:25-66
210
211                <category android:name="android.intent.category.DEFAULT" />
211-->src\main\AndroidManifest.xml:50:17-76
211-->src\main\AndroidManifest.xml:50:27-73
212                <category android:name="android.intent.category.BROWSABLE" />
212-->src\main\AndroidManifest.xml:51:17-78
212-->src\main\AndroidManifest.xml:51:27-75
213
214                <data
214-->src\main\AndroidManifest.xml:52:17-79
215                    android:host="firebase.auth"
215-->src\main\AndroidManifest.xml:52:49-76
216                    android:path="/"
217                    android:scheme="recaptcha" />
217-->src\main\AndroidManifest.xml:52:23-48
218            </intent-filter>
219        </activity>
220        <activity
220-->[com.google.android.gms:play-services-auth:20.7.0] AndroidManifest.xml:23:9-27:75
221            android:name="com.google.android.gms.auth.api.signin.internal.SignInHubActivity"
221-->[com.google.android.gms:play-services-auth:20.7.0] AndroidManifest.xml:24:13-93
222            android:excludeFromRecents="true"
222-->[com.google.android.gms:play-services-auth:20.7.0] AndroidManifest.xml:25:13-46
223            android:exported="false"
223-->[com.google.android.gms:play-services-auth:20.7.0] AndroidManifest.xml:26:13-37
224            android:theme="@android:style/Theme.Translucent.NoTitleBar" />
224-->[com.google.android.gms:play-services-auth:20.7.0] AndroidManifest.xml:27:13-72
225        <!--
226            Service handling Google Sign-In user revocation. For apps that do not integrate with
227            Google Sign-In, this service will never be started.
228        -->
229        <service
229-->[com.google.android.gms:play-services-auth:20.7.0] AndroidManifest.xml:33:9-37:51
230            android:name="com.google.android.gms.auth.api.signin.RevocationBoundService"
230-->[com.google.android.gms:play-services-auth:20.7.0] AndroidManifest.xml:34:13-89
231            android:exported="true"
231-->[com.google.android.gms:play-services-auth:20.7.0] AndroidManifest.xml:35:13-36
232            android:permission="com.google.android.gms.auth.api.signin.permission.REVOCATION_NOTIFICATION"
232-->[com.google.android.gms:play-services-auth:20.7.0] AndroidManifest.xml:36:13-107
233            android:visibleToInstantApps="true" />
233-->[com.google.android.gms:play-services-auth:20.7.0] AndroidManifest.xml:37:13-48
234
235        <activity
235-->[com.google.android.gms:play-services-base:18.0.1] AndroidManifest.xml:20:9-22:45
236            android:name="com.google.android.gms.common.api.GoogleApiActivity"
236-->[com.google.android.gms:play-services-base:18.0.1] AndroidManifest.xml:20:19-85
237            android:exported="false"
237-->[com.google.android.gms:play-services-base:18.0.1] AndroidManifest.xml:22:19-43
238            android:theme="@android:style/Theme.Translucent.NoTitleBar" />
238-->[com.google.android.gms:play-services-base:18.0.1] AndroidManifest.xml:21:19-78
239
240        <provider
240-->[com.google.firebase:firebase-common:20.4.3] AndroidManifest.xml:23:9-28:39
241            android:name="com.google.firebase.provider.FirebaseInitProvider"
241-->[com.google.firebase:firebase-common:20.4.3] AndroidManifest.xml:24:13-77
242            android:authorities="com.mycompany.filmapp.firebaseinitprovider"
242-->[com.google.firebase:firebase-common:20.4.3] AndroidManifest.xml:25:13-72
243            android:directBootAware="true"
243-->[com.google.firebase:firebase-common:20.4.3] AndroidManifest.xml:26:13-43
244            android:exported="false"
244-->[com.google.firebase:firebase-common:20.4.3] AndroidManifest.xml:27:13-37
245            android:initOrder="100" />
245-->[com.google.firebase:firebase-common:20.4.3] AndroidManifest.xml:28:13-36
246
247        <meta-data
247-->[com.google.android.gms:play-services-basement:18.3.0] AndroidManifest.xml:21:9-23:69
248            android:name="com.google.android.gms.version"
248-->[com.google.android.gms:play-services-basement:18.3.0] AndroidManifest.xml:22:13-58
249            android:value="@integer/google_play_services_version" />
249-->[com.google.android.gms:play-services-basement:18.3.0] AndroidManifest.xml:23:13-66
250
251        <uses-library
251-->[androidx.window:window:1.0.0-beta04] AndroidManifest.xml:25:9-27:40
252            android:name="androidx.window.extensions"
252-->[androidx.window:window:1.0.0-beta04] AndroidManifest.xml:26:13-54
253            android:required="false" />
253-->[androidx.window:window:1.0.0-beta04] AndroidManifest.xml:27:13-37
254        <uses-library
254-->[androidx.window:window:1.0.0-beta04] AndroidManifest.xml:28:9-30:40
255            android:name="androidx.window.sidecar"
255-->[androidx.window:window:1.0.0-beta04] AndroidManifest.xml:29:13-51
256            android:required="false" />
256-->[androidx.window:window:1.0.0-beta04] AndroidManifest.xml:30:13-37
257
258        <provider
258-->[androidx.lifecycle:lifecycle-process:2.6.1] AndroidManifest.xml:24:9-32:20
259            android:name="androidx.startup.InitializationProvider"
259-->[androidx.lifecycle:lifecycle-process:2.6.1] AndroidManifest.xml:25:13-67
260            android:authorities="com.mycompany.filmapp.androidx-startup"
260-->[androidx.lifecycle:lifecycle-process:2.6.1] AndroidManifest.xml:26:13-68
261            android:exported="false" >
261-->[androidx.lifecycle:lifecycle-process:2.6.1] AndroidManifest.xml:27:13-37
262            <meta-data
262-->[androidx.lifecycle:lifecycle-process:2.6.1] AndroidManifest.xml:29:13-31:52
263                android:name="androidx.lifecycle.ProcessLifecycleInitializer"
263-->[androidx.lifecycle:lifecycle-process:2.6.1] AndroidManifest.xml:30:17-78
264                android:value="androidx.startup" />
264-->[androidx.lifecycle:lifecycle-process:2.6.1] AndroidManifest.xml:31:17-49
265            <meta-data
265-->[androidx.profileinstaller:profileinstaller:1.3.0] AndroidManifest.xml:29:13-31:52
266                android:name="androidx.profileinstaller.ProfileInstallerInitializer"
266-->[androidx.profileinstaller:profileinstaller:1.3.0] AndroidManifest.xml:30:17-85
267                android:value="androidx.startup" />
267-->[androidx.profileinstaller:profileinstaller:1.3.0] AndroidManifest.xml:31:17-49
268        </provider>
269
270        <service
270-->[com.google.android.datatransport:transport-backend-cct:3.1.9] AndroidManifest.xml:28:9-34:19
271            android:name="com.google.android.datatransport.runtime.backends.TransportBackendDiscovery"
271-->[com.google.android.datatransport:transport-backend-cct:3.1.9] AndroidManifest.xml:29:13-103
272            android:exported="false" >
272-->[com.google.android.datatransport:transport-backend-cct:3.1.9] AndroidManifest.xml:30:13-37
273            <meta-data
273-->[com.google.android.datatransport:transport-backend-cct:3.1.9] AndroidManifest.xml:31:13-33:39
274                android:name="backend:com.google.android.datatransport.cct.CctBackendFactory"
274-->[com.google.android.datatransport:transport-backend-cct:3.1.9] AndroidManifest.xml:32:17-94
275                android:value="cct" />
275-->[com.google.android.datatransport:transport-backend-cct:3.1.9] AndroidManifest.xml:33:17-36
276        </service>
277
278        <receiver
278-->[androidx.profileinstaller:profileinstaller:1.3.0] AndroidManifest.xml:34:9-52:20
279            android:name="androidx.profileinstaller.ProfileInstallReceiver"
279-->[androidx.profileinstaller:profileinstaller:1.3.0] AndroidManifest.xml:35:13-76
280            android:directBootAware="false"
280-->[androidx.profileinstaller:profileinstaller:1.3.0] AndroidManifest.xml:36:13-44
281            android:enabled="true"
281-->[androidx.profileinstaller:profileinstaller:1.3.0] AndroidManifest.xml:37:13-35
282            android:exported="true"
282-->[androidx.profileinstaller:profileinstaller:1.3.0] AndroidManifest.xml:38:13-36
283            android:permission="android.permission.DUMP" >
283-->[androidx.profileinstaller:profileinstaller:1.3.0] AndroidManifest.xml:39:13-57
284            <intent-filter>
284-->[androidx.profileinstaller:profileinstaller:1.3.0] AndroidManifest.xml:40:13-42:29